#
# A fatal error has been detected by the Java Runtime Environment:
#
#  EXCEPTION_ACCESS_VIOLATION (0xc0000005) at pc=0x00007ffff2826699, pid=6924, tid=10556
#
# JRE version: Java(TM) SE Runtime Environment (14.0.1+7) (build 14.0.1+7)
# Java VM: Java HotSpot(TM) 64-Bit Server VM (14.0.1+7, mixed mode, sharing, tiered, compressed oops, g1 gc, windows-amd64)
# Problematic frame:
# V  [jvm.dll+0x206699]
#
# No core dump will be written. Minidumps are not enabled by default on client versions of Windows
#
# If you would like to submit a bug report, please visit:
#   https://bugreport.java.com/bugreport/crash.jsp
#

---------------  S U M M A R Y ------------

Command Line: -agentlib:jdwp=transport=dt_socket,suspend=y,address=localhost:51431 -ea -javaagent:D:\eclipse-dsl-2019-06-R-win32-x86_64\configuration\org.eclipse.osgi\263\0\.cp\lib\javaagent-shaded.jar -Dfile.encoding=UTF-8 org.eclipse.jdt.internal.junit.runner.RemoteTestRunner -version 3 -port 51430 -testLoaderClass org.eclipse.jdt.internal.junit5.runner.JUnit5TestLoader -loaderpluginname org.eclipse.jdt.junit5.runtime -test org.alloytools.alloy.diff.ModuleDiffTest:diffSelfEmpty(java.nio.file.Path) -uniqueId [engine:junit-jupiter]/[class:org.alloytools.alloy.diff.ModuleDiffTest]/[test-template:diffSelfEmpty(java.nio.file.Path)]/[test-template-invocation:#1]

Host: Intel(R) Core(TM) i7-4712HQ CPU @ 2.30GHz, 8 cores, 15G,  Windows 10 , 64 bit Build 18362 (10.0.18362.778)
Time: Mon May  4 13:49:22 2020 GMT Daylight Time elapsed time: 292 seconds (0d 0h 4m 52s)

---------------  T H R E A D  ---------------

Current thread (0x0000029dcdaa3000):  JavaThread "JDWP Transport Listener: dt_socket" daemon [_thread_in_vm, id=10556, stack(0x000000df53400000,0x000000df53500000)] _threads_hazard_ptr=0x0000029dce82b020

Stack: [0x000000df53400000,0x000000df53500000],  sp=0x000000df534fe688,  free space=1017k
Native frames: (J=compiled Java code, j=interpreted, Vv=VM code, C=native code)
V  [jvm.dll+0x206699]


siginfo: EXCEPTION_ACCESS_VIOLATION (0xc0000005), reading address 0x0000029dcf9d9538


Register to memory mapping:

RIP=0x00007ffff2826699 jvm.dll
RAX=0x0000000000096040 is an unknown value
RBX=0x0000029dcf934190 is pointing into metadata
RCX=0x0000029dcf9434f8 is pointing into metadata
RDX=0x0000000000004b01 is an unknown value
RSP=0x000000df534fe688 is pointing into the stack for thread: 0x0000029dcdaa3000
RBP=0x000000df534fec30 is pointing into the stack for thread: 0x0000029dcdaa3000
RSI=0x000000df534feda0 is pointing into the stack for thread: 0x0000029dcdaa3000
RDI=0x000000df534feda0 is pointing into the stack for thread: 0x0000029dcdaa3000
R8 =0x0 is NULL
R9 =0x0000029dcf934190 is pointing into metadata
R10=0x0000000800c47a80 is a pointer to class: 
org.alloytools.alloy.diff.ModuleMerger {0x0000000800c47a88}
R11=0x000000df534feb50 is pointing into the stack for thread: 0x0000029dcdaa3000
R12=0x0000029dcdaa78f8 points into unknown readable memory: 00 00 00 00 f5 03 00 00
R13=0x0000000000000938 is an unknown value
R14=0x0000029dcd41d43b is pointing into metadata
R15=0x0000000000000428 is an unknown value


Registers:
RAX=0x0000000000096040, RBX=0x0000029dcf934190, RCX=0x0000029dcf9434f8, RDX=0x0000000000004b01
RSP=0x000000df534fe688, RBP=0x000000df534fec30, RSI=0x000000df534feda0, RDI=0x000000df534feda0
R8 =0x0000000000000000, R9 =0x0000029dcf934190, R10=0x0000000800c47a80, R11=0x000000df534feb50
R12=0x0000029dcdaa78f8, R13=0x0000000000000938, R14=0x0000029dcd41d43b, R15=0x0000000000000428
RIP=0x00007ffff2826699, EFLAGS=0x0000000000010202

Top of Stack: (sp=0x000000df534fe688)
0x000000df534fe688:   00007ffff282671e 000000df534fe6f0
0x000000df534fe698:   0000000000000000 0000000000000000
0x000000df534fe6a8:   0000000000000000 0000000000000000
0x000000df534fe6b8:   00007ffff290f320 0000000000000000
0x000000df534fe6c8:   000000df534feda0 0000000000000000
0x000000df534fe6d8:   0000000000000000 0000000000000000
0x000000df534fe6e8:   0000000000000000 00007ffff2e75730
0x000000df534fe6f8:   0000029dce7892e0 000000000000002f
0x000000df534fe708:   000000000000000c 000000df534fe730
0x000000df534fe718:   0000000000000002 0000000046000406
0x000000df534fe728:   0000000000000000 4fffffff4fffffff
0x000000df534fe738:   4fffffff4fffffff 000000004fffffff
0x000000df534fe748:   0000000000000000 0000000000000000
0x000000df534fe758:   0000000000000000 0000000000000000
0x000000df534fe768:   0000000000000000 0000000000000000
0x000000df534fe778:   0000000000000000 0000000000000000 

Instructions: (pc=0x00007ffff2826699)
0x00007ffff2826599:   03 03 03 03 03 03 03 03 03 03 03 03 03 03 03 03
0x00007ffff28265a9:   03 03 03 03 03 03 03 03 03 03 03 03 03 03 03 03
0x00007ffff28265b9:   03 03 03 03 03 03 03 03 03 03 03 03 03 03 03 03
0x00007ffff28265c9:   03 03 03 03 03 03 03 03 03 03 03 03 03 03 03 03
0x00007ffff28265d9:   03 03 02 03 03 02 cc 48 89 5c 24 08 48 89 74 24
0x00007ffff28265e9:   10 57 48 83 ec 20 48 63 da 41 0f b6 f0 48 8b f9
0x00007ffff28265f9:   85 d2 79 24 4c 8d 0d ec 82 63 00 ba 99 02 00 00
0x00007ffff2826609:   4c 8d 05 18 83 63 00 48 8d 0d 91 82 63 00 e8 94
0x00007ffff2826619:   6b 00 00 e8 3f 19 3f 00 40 84 f6 75 18 48 8b 4f
0x00007ffff2826629:   10 48 85 c9 74 0f 48 8d 43 01 48 c1 e0 05 48 8b
0x00007ffff2826639:   04 08 0f b7 d8 48 8b 74 24 38 48 63 c3 48 8b 5c
0x00007ffff2826649:   24 30 0f b7 44 c7 40 48 83 c4 20 5f c3 cc cc cc
0x00007ffff2826659:   cc cc cc cc cc cc cc 4c 8b c9 45 84 c0 75 42 48
0x00007ffff2826669:   8b 49 10 48 85 c9 74 39 85 d2 79 1a f7 d2 48 63
0x00007ffff2826679:   c2 48 ff c0 48 c1 e0 05 48 8b 04 08 0f b7 c8 41
0x00007ffff2826689:   0f b7 44 c9 42 c3 48 63 c2 48 ff c0 48 c1 e0 05
0x00007ffff2826699:   48 8b 04 08 0f b7 d0 48 63 c2 41 0f b7 44 c1 42
0x00007ffff28266a9:   c3 49 8b 41 08 4c 63 c2 42 0f b6 44 00 04 8d 48
0x00007ffff28266b9:   ef 80 f9 01 76 0e 3c 6a 74 0a 48 63 c2 41 0f b7
0x00007ffff28266c9:   44 c1 42 c3 43 0f b7 44 c1 42 c3 cc cc cc cc cc
0x00007ffff28266d9:   cc cc cc cc cc cc cc 40 53 48 83 ec 20 48 8b d9
0x00007ffff28266e9:   e8 72 ff ff ff 48 63 d0 0f b7 44 d3 40 48 8b 44
0x00007ffff28266f9:   c3 40 48 83 c4 20 5b c3 cc cc cc cc cc cc cc cc
0x00007ffff2826709:   cc cc cc cc cc cc cc 40 53 48 83 ec 20 48 8b d9
0x00007ffff2826719:   e8 42 ff ff ff 48 63 d0 0f b7 44 d3 42 48 8b 44
0x00007ffff2826729:   c3 40 48 83 c4 20 5b c3 cc cc cc cc cc cc cc cc
0x00007ffff2826739:   cc cc cc cc cc cc cc 4c 8b d1 45 84 c9 75 23 4c
0x00007ffff2826749:   8b 49 10 4d 85 c9 74 1a 45 85 c0 79 03 41 f7 d0
0x00007ffff2826759:   49 63 c0 48 ff c0 48 c1 e0 05 4a 8b 04 08 44 0f
0x00007ffff2826769:   b7 c0 49 8b 42 08 49 63 c8 0f b6 4c 08 04 48 8b
0x00007ffff2826779:   c2 88 0a c3 cc cc cc 40 56 57 41 54 41 56 41 57
0x00007ffff2826789:   48 83 ec 20 45 8b 30 49 8b f0 49 63 f9 4c 8b e2 


Stack slot to memory mapping:
stack at sp + 0 slots: 0x00007ffff282671e jvm.dll
stack at sp + 1 slots: 0x000000df534fe6f0 is pointing into the stack for thread: 0x0000029dcdaa3000
stack at sp + 2 slots: 0x0 is NULL
stack at sp + 3 slots: 0x0 is NULL
stack at sp + 4 slots: 0x0 is NULL
stack at sp + 5 slots: 0x0 is NULL
stack at sp + 6 slots: 0x00007ffff290f320 jvm.dll
stack at sp + 7 slots: 0x0 is NULL


---------------  P R O C E S S  ---------------

Threads class SMR info:
_java_thread_list=0x0000029dce82b020, length=15, elements={
0x0000029da91fc000, 0x0000029dccf9c800, 0x0000029dccf9d800, 0x0000029dcd836000,
0x0000029dcd839000, 0x0000029dcd83a000, 0x0000029dcd847800, 0x0000029dcd850800,
0x0000029dcd864000, 0x0000029dcd995000, 0x0000029dcdaa3000, 0x0000029dcdaae000,
0x0000029dcdac1000, 0x0000029dce057800, 0x0000029dce315800
}

Java Threads: ( => current thread )
  0x0000029da91fc000 JavaThread "main" [_thread_blocked, id=4396, stack(0x000000df52300000,0x000000df52400000)]
  0x0000029dccf9c800 JavaThread "Reference Handler" daemon [_thread_blocked, id=11240, stack(0x000000df52a00000,0x000000df52b00000)]
  0x0000029dccf9d800 JavaThread "Finalizer" daemon [_thread_blocked, id=16876, stack(0x000000df52b00000,0x000000df52c00000)]
  0x0000029dcd836000 JavaThread "Signal Dispatcher" daemon [_thread_blocked, id=14040, stack(0x000000df52c00000,0x000000df52d00000)]
  0x0000029dcd839000 JavaThread "Attach Listener" daemon [_thread_blocked, id=14340, stack(0x000000df52d00000,0x000000df52e00000)]
  0x0000029dcd83a000 JavaThread "Service Thread" daemon [_thread_blocked, id=16900, stack(0x000000df52e00000,0x000000df52f00000)]
  0x0000029dcd847800 JavaThread "C2 CompilerThread0" daemon [_thread_blocked, id=14268, stack(0x000000df52f00000,0x000000df53000000)]
  0x0000029dcd850800 JavaThread "C1 CompilerThread0" daemon [_thread_blocked, id=14532, stack(0x000000df53000000,0x000000df53100000)]
  0x0000029dcd864000 JavaThread "Sweeper thread" daemon [_thread_blocked, id=14080, stack(0x000000df53100000,0x000000df53200000)]
  0x0000029dcd995000 JavaThread "Common-Cleaner" daemon [_thread_blocked, id=14692, stack(0x000000df53200000,0x000000df53300000)]
=>0x0000029dcdaa3000 JavaThread "JDWP Transport Listener: dt_socket" daemon [_thread_in_vm, id=10556, stack(0x000000df53400000,0x000000df53500000)]
  0x0000029dcdaae000 JavaThread "JDWP Event Helper Thread" daemon [_thread_blocked, id=2060, stack(0x000000df53500000,0x000000df53600000)]
  0x0000029dcdac1000 JavaThread "JDWP Command Reader" daemon [_thread_in_native, id=8788, stack(0x000000df53600000,0x000000df53700000)]
  0x0000029dce057800 JavaThread "Notification Thread" daemon [_thread_blocked, id=17232, stack(0x000000df53300000,0x000000df53400000)]
  0x0000029dce315800 JavaThread "ReaderThread" [_thread_in_native, id=14312, stack(0x000000df53900000,0x000000df53a00000)]

Other Threads:
  0x0000029dccf96800 VMThread "VM Thread" [stack: 0x000000df52900000,0x000000df52a00000] [id=13936]
  0x0000029dce05d000 WatcherThread [stack: 0x000000df53700000,0x000000df53800000] [id=7820]
  0x0000029da9262800 GCTaskThread "GC Thread#0" [stack: 0x000000df52400000,0x000000df52500000] [id=3140]
  0x0000029dce6c0000 GCTaskThread "GC Thread#1" [stack: 0x000000df53a00000,0x000000df53b00000] [id=5756]
  0x0000029dce84e000 GCTaskThread "GC Thread#2" [stack: 0x000000df53b00000,0x000000df53c00000] [id=15176]
  0x0000029dce6b0000 GCTaskThread "GC Thread#3" [stack: 0x000000df53c00000,0x000000df53d00000] [id=17620]
  0x0000029dce6b1000 GCTaskThread "GC Thread#4" [stack: 0x000000df53d00000,0x000000df53e00000] [id=5316]
  0x0000029dce6c5800 GCTaskThread "GC Thread#5" [stack: 0x000000df53e00000,0x000000df53f00000] [id=12240]
  0x0000029da9284000 ConcurrentGCThread "G1 Main Marker" [stack: 0x000000df52500000,0x000000df52600000] [id=15008]
  0x0000029da9285800 ConcurrentGCThread "G1 Conc#0" [stack: 0x000000df52600000,0x000000df52700000] [id=11808]
  0x0000029dcce85800 ConcurrentGCThread "G1 Refine#0" [stack: 0x000000df52700000,0x000000df52800000] [id=7816]
  0x0000029dcee7f800 ConcurrentGCThread "G1 Refine#1" [stack: 0x000000df54000000,0x000000df54100000] [id=4696]
  0x0000029dcce86800 ConcurrentGCThread "G1 Young RemSet Sampling" [stack: 0x000000df52800000,0x000000df52900000] [id=14788]

Threads with active compile tasks:

VM state:not at safepoint (normal execution)

VM Mutex/Monitor currently owned by a thread: None

Heap address: 0x0000000701800000, size: 4072 MB, Compressed Oops mode: Zero based, Oop shift amount: 3
Narrow klass base: 0x0000000800000000, Narrow klass shift: 3
Compressed class space size: 1073741824 Address: 0x0000000800b30000

Heap:
 garbage-first heap   total 262144K, used 38239K [0x0000000701800000, 0x0000000800000000)
  region size 1024K, 34 young (34816K), 5 survivors (5120K)
 Metaspace       used 9193K, capacity 9797K, committed 10044K, reserved 1058816K
  class space    used 949K, capacity 1147K, committed 1152K, reserved 1048576K
Heap Regions: E=young(eden), S=young(survivor), O=old, HS=humongous(starts), HC=humongous(continues), CS=collection set, F=free, OA=open archive, CA=closed archive, TAMS=top-at-mark-start (previous, next)
|   0|0x0000000701800000, 0x0000000701900000, 0x0000000701900000|100%| O|  |TAMS 0x0000000701800000, 0x0000000701800000| Untracked 
|   1|0x0000000701900000, 0x0000000701a00000, 0x0000000701a00000|100%| O|  |TAMS 0x0000000701900000, 0x0000000701900000| Untracked 
|   2|0x0000000701a00000, 0x0000000701b00000, 0x0000000701b00000|100%| O|  |TAMS 0x0000000701a00000, 0x0000000701a00000| Untracked 
|   3|0x0000000701b00000, 0x0000000701c00000, 0x0000000701c00000|100%| O|  |TAMS 0x0000000701b00000, 0x0000000701b00000| Untracked 
|   4|0x0000000701c00000, 0x0000000701c57c00, 0x0000000701d00000| 34%| O|  |TAMS 0x0000000701c00000, 0x0000000701c00000| Untracked 
|   5|0x0000000701d00000, 0x0000000701d00000, 0x0000000701e00000|  0%| F|  |TAMS 0x0000000701d00000, 0x0000000701d00000| Untracked 
|   6|0x0000000701e00000, 0x0000000701e00000, 0x0000000701f00000|  0%| F|  |TAMS 0x0000000701e00000, 0x0000000701e00000| Untracked 
|   7|0x0000000701f00000, 0x0000000701f00000, 0x0000000702000000|  0%| F|  |TAMS 0x0000000701f00000, 0x0000000701f00000| Untracked 
|   8|0x0000000702000000, 0x0000000702000000, 0x0000000702100000|  0%| F|  |TAMS 0x0000000702000000, 0x0000000702000000| Untracked 
|   9|0x0000000702100000, 0x0000000702100000, 0x0000000702200000|  0%| F|  |TAMS 0x0000000702100000, 0x0000000702100000| Untracked 
|  10|0x0000000702200000, 0x0000000702200000, 0x0000000702300000|  0%| F|  |TAMS 0x0000000702200000, 0x0000000702200000| Untracked 
|  11|0x0000000702300000, 0x0000000702300000, 0x0000000702400000|  0%| F|  |TAMS 0x0000000702300000, 0x0000000702300000| Untracked 
|  12|0x0000000702400000, 0x0000000702400000, 0x0000000702500000|  0%| F|  |TAMS 0x0000000702400000, 0x0000000702400000| Untracked 
|  13|0x0000000702500000, 0x0000000702500000, 0x0000000702600000|  0%| F|  |TAMS 0x0000000702500000, 0x0000000702500000| Untracked 
|  14|0x0000000702600000, 0x0000000702600000, 0x0000000702700000|  0%| F|  |TAMS 0x0000000702600000, 0x0000000702600000| Untracked 
|  15|0x0000000702700000, 0x0000000702700000, 0x0000000702800000|  0%| F|  |TAMS 0x0000000702700000, 0x0000000702700000| Untracked 
|  16|0x0000000702800000, 0x0000000702800000, 0x0000000702900000|  0%| F|  |TAMS 0x0000000702800000, 0x0000000702800000| Untracked 
|  17|0x0000000702900000, 0x0000000702900000, 0x0000000702a00000|  0%| F|  |TAMS 0x0000000702900000, 0x0000000702900000| Untracked 
|  18|0x0000000702a00000, 0x0000000702a00000, 0x0000000702b00000|  0%| F|  |TAMS 0x0000000702a00000, 0x0000000702a00000| Untracked 
|  19|0x0000000702b00000, 0x0000000702b00000, 0x0000000702c00000|  0%| F|  |TAMS 0x0000000702b00000, 0x0000000702b00000| Untracked 
|  20|0x0000000702c00000, 0x0000000702c00000, 0x0000000702d00000|  0%| F|  |TAMS 0x0000000702c00000, 0x0000000702c00000| Untracked 
|  21|0x0000000702d00000, 0x0000000702d00000, 0x0000000702e00000|  0%| F|  |TAMS 0x0000000702d00000, 0x0000000702d00000| Untracked 
|  22|0x0000000702e00000, 0x0000000702e00000, 0x0000000702f00000|  0%| F|  |TAMS 0x0000000702e00000, 0x0000000702e00000| Untracked 
|  23|0x0000000702f00000, 0x0000000702f00000, 0x0000000703000000|  0%| F|  |TAMS 0x0000000702f00000, 0x0000000702f00000| Untracked 
|  24|0x0000000703000000, 0x0000000703000000, 0x0000000703100000|  0%| F|  |TAMS 0x0000000703000000, 0x0000000703000000| Untracked 
|  25|0x0000000703100000, 0x0000000703100000, 0x0000000703200000|  0%| F|  |TAMS 0x0000000703100000, 0x0000000703100000| Untracked 
|  26|0x0000000703200000, 0x0000000703200000, 0x0000000703300000|  0%| F|  |TAMS 0x0000000703200000, 0x0000000703200000| Untracked 
|  27|0x0000000703300000, 0x0000000703300000, 0x0000000703400000|  0%| F|  |TAMS 0x0000000703300000, 0x0000000703300000| Untracked 
|  28|0x0000000703400000, 0x0000000703400000, 0x0000000703500000|  0%| F|  |TAMS 0x0000000703400000, 0x0000000703400000| Untracked 
|  29|0x0000000703500000, 0x0000000703500000, 0x0000000703600000|  0%| F|  |TAMS 0x0000000703500000, 0x0000000703500000| Untracked 
|  30|0x0000000703600000, 0x0000000703600000, 0x0000000703700000|  0%| F|  |TAMS 0x0000000703600000, 0x0000000703600000| Untracked 
|  31|0x0000000703700000, 0x0000000703700000, 0x0000000703800000|  0%| F|  |TAMS 0x0000000703700000, 0x0000000703700000| Untracked 
|  32|0x0000000703800000, 0x0000000703800000, 0x0000000703900000|  0%| F|  |TAMS 0x0000000703800000, 0x0000000703800000| Untracked 
|  33|0x0000000703900000, 0x0000000703900000, 0x0000000703a00000|  0%| F|  |TAMS 0x0000000703900000, 0x0000000703900000| Untracked 
|  34|0x0000000703a00000, 0x0000000703a00000, 0x0000000703b00000|  0%| F|  |TAMS 0x0000000703a00000, 0x0000000703a00000| Untracked 
|  35|0x0000000703b00000, 0x0000000703b00000, 0x0000000703c00000|  0%| F|  |TAMS 0x0000000703b00000, 0x0000000703b00000| Untracked 
|  36|0x0000000703c00000, 0x0000000703c00000, 0x0000000703d00000|  0%| F|  |TAMS 0x0000000703c00000, 0x0000000703c00000| Untracked 
|  37|0x0000000703d00000, 0x0000000703d00000, 0x0000000703e00000|  0%| F|  |TAMS 0x0000000703d00000, 0x0000000703d00000| Untracked 
|  38|0x0000000703e00000, 0x0000000703e00000, 0x0000000703f00000|  0%| F|  |TAMS 0x0000000703e00000, 0x0000000703e00000| Untracked 
|  39|0x0000000703f00000, 0x0000000703f00000, 0x0000000704000000|  0%| F|  |TAMS 0x0000000703f00000, 0x0000000703f00000| Untracked 
|  40|0x0000000704000000, 0x0000000704000000, 0x0000000704100000|  0%| F|  |TAMS 0x0000000704000000, 0x0000000704000000| Untracked 
|  41|0x0000000704100000, 0x0000000704100000, 0x0000000704200000|  0%| F|  |TAMS 0x0000000704100000, 0x0000000704100000| Untracked 
|  42|0x0000000704200000, 0x0000000704200000, 0x0000000704300000|  0%| F|  |TAMS 0x0000000704200000, 0x0000000704200000| Untracked 
|  43|0x0000000704300000, 0x0000000704300000, 0x0000000704400000|  0%| F|  |TAMS 0x0000000704300000, 0x0000000704300000| Untracked 
|  44|0x0000000704400000, 0x0000000704400000, 0x0000000704500000|  0%| F|  |TAMS 0x0000000704400000, 0x0000000704400000| Untracked 
|  45|0x0000000704500000, 0x0000000704500000, 0x0000000704600000|  0%| F|  |TAMS 0x0000000704500000, 0x0000000704500000| Untracked 
|  46|0x0000000704600000, 0x0000000704600000, 0x0000000704700000|  0%| F|  |TAMS 0x0000000704600000, 0x0000000704600000| Untracked 
|  47|0x0000000704700000, 0x0000000704700000, 0x0000000704800000|  0%| F|  |TAMS 0x0000000704700000, 0x0000000704700000| Untracked 
|  48|0x0000000704800000, 0x0000000704800000, 0x0000000704900000|  0%| F|  |TAMS 0x0000000704800000, 0x0000000704800000| Untracked 
|  49|0x0000000704900000, 0x0000000704900000, 0x0000000704a00000|  0%| F|  |TAMS 0x0000000704900000, 0x0000000704900000| Untracked 
|  50|0x0000000704a00000, 0x0000000704a00000, 0x0000000704b00000|  0%| F|  |TAMS 0x0000000704a00000, 0x0000000704a00000| Untracked 
|  51|0x0000000704b00000, 0x0000000704b00000, 0x0000000704c00000|  0%| F|  |TAMS 0x0000000704b00000, 0x0000000704b00000| Untracked 
|  52|0x0000000704c00000, 0x0000000704c00000, 0x0000000704d00000|  0%| F|  |TAMS 0x0000000704c00000, 0x0000000704c00000| Untracked 
|  53|0x0000000704d00000, 0x0000000704d00000, 0x0000000704e00000|  0%| F|  |TAMS 0x0000000704d00000, 0x0000000704d00000| Untracked 
|  54|0x0000000704e00000, 0x0000000704e00000, 0x0000000704f00000|  0%| F|  |TAMS 0x0000000704e00000, 0x0000000704e00000| Untracked 
|  55|0x0000000704f00000, 0x0000000704f00000, 0x0000000705000000|  0%| F|  |TAMS 0x0000000704f00000, 0x0000000704f00000| Untracked 
|  56|0x0000000705000000, 0x0000000705000000, 0x0000000705100000|  0%| F|  |TAMS 0x0000000705000000, 0x0000000705000000| Untracked 
|  57|0x0000000705100000, 0x0000000705100000, 0x0000000705200000|  0%| F|  |TAMS 0x0000000705100000, 0x0000000705100000| Untracked 
|  58|0x0000000705200000, 0x0000000705200000, 0x0000000705300000|  0%| F|  |TAMS 0x0000000705200000, 0x0000000705200000| Untracked 
|  59|0x0000000705300000, 0x0000000705300000, 0x0000000705400000|  0%| F|  |TAMS 0x0000000705300000, 0x0000000705300000| Untracked 
|  60|0x0000000705400000, 0x0000000705400000, 0x0000000705500000|  0%| F|  |TAMS 0x0000000705400000, 0x0000000705400000| Untracked 
|  61|0x0000000705500000, 0x0000000705500000, 0x0000000705600000|  0%| F|  |TAMS 0x0000000705500000, 0x0000000705500000| Untracked 
|  62|0x0000000705600000, 0x0000000705600000, 0x0000000705700000|  0%| F|  |TAMS 0x0000000705600000, 0x0000000705600000| Untracked 
|  63|0x0000000705700000, 0x0000000705700000, 0x0000000705800000|  0%| F|  |TAMS 0x0000000705700000, 0x0000000705700000| Untracked 
|  64|0x0000000705800000, 0x0000000705800000, 0x0000000705900000|  0%| F|  |TAMS 0x0000000705800000, 0x0000000705800000| Untracked 
|  65|0x0000000705900000, 0x0000000705900000, 0x0000000705a00000|  0%| F|  |TAMS 0x0000000705900000, 0x0000000705900000| Untracked 
|  66|0x0000000705a00000, 0x0000000705a00000, 0x0000000705b00000|  0%| F|  |TAMS 0x0000000705a00000, 0x0000000705a00000| Untracked 
|  67|0x0000000705b00000, 0x0000000705b00000, 0x0000000705c00000|  0%| F|  |TAMS 0x0000000705b00000, 0x0000000705b00000| Untracked 
|  68|0x0000000705c00000, 0x0000000705c00000, 0x0000000705d00000|  0%| F|  |TAMS 0x0000000705c00000, 0x0000000705c00000| Untracked 
|  69|0x0000000705d00000, 0x0000000705d00000, 0x0000000705e00000|  0%| F|  |TAMS 0x0000000705d00000, 0x0000000705d00000| Untracked 
|  70|0x0000000705e00000, 0x0000000705e00000, 0x0000000705f00000|  0%| F|  |TAMS 0x0000000705e00000, 0x0000000705e00000| Untracked 
|  71|0x0000000705f00000, 0x0000000705f00000, 0x0000000706000000|  0%| F|  |TAMS 0x0000000705f00000, 0x0000000705f00000| Untracked 
|  72|0x0000000706000000, 0x0000000706000000, 0x0000000706100000|  0%| F|  |TAMS 0x0000000706000000, 0x0000000706000000| Untracked 
|  73|0x0000000706100000, 0x0000000706100000, 0x0000000706200000|  0%| F|  |TAMS 0x0000000706100000, 0x0000000706100000| Untracked 
|  74|0x0000000706200000, 0x0000000706200000, 0x0000000706300000|  0%| F|  |TAMS 0x0000000706200000, 0x0000000706200000| Untracked 
|  75|0x0000000706300000, 0x0000000706300000, 0x0000000706400000|  0%| F|  |TAMS 0x0000000706300000, 0x0000000706300000| Untracked 
|  76|0x0000000706400000, 0x0000000706400000, 0x0000000706500000|  0%| F|  |TAMS 0x0000000706400000, 0x0000000706400000| Untracked 
|  77|0x0000000706500000, 0x0000000706500000, 0x0000000706600000|  0%| F|  |TAMS 0x0000000706500000, 0x0000000706500000| Untracked 
|  78|0x0000000706600000, 0x0000000706600000, 0x0000000706700000|  0%| F|  |TAMS 0x0000000706600000, 0x0000000706600000| Untracked 
|  79|0x0000000706700000, 0x0000000706700000, 0x0000000706800000|  0%| F|  |TAMS 0x0000000706700000, 0x0000000706700000| Untracked 
|  80|0x0000000706800000, 0x0000000706800000, 0x0000000706900000|  0%| F|  |TAMS 0x0000000706800000, 0x0000000706800000| Untracked 
|  81|0x0000000706900000, 0x0000000706900000, 0x0000000706a00000|  0%| F|  |TAMS 0x0000000706900000, 0x0000000706900000| Untracked 
|  82|0x0000000706a00000, 0x0000000706a00000, 0x0000000706b00000|  0%| F|  |TAMS 0x0000000706a00000, 0x0000000706a00000| Untracked 
|  83|0x0000000706b00000, 0x0000000706b00000, 0x0000000706c00000|  0%| F|  |TAMS 0x0000000706b00000, 0x0000000706b00000| Untracked 
|  84|0x0000000706c00000, 0x0000000706c00000, 0x0000000706d00000|  0%| F|  |TAMS 0x0000000706c00000, 0x0000000706c00000| Untracked 
|  85|0x0000000706d00000, 0x0000000706d00000, 0x0000000706e00000|  0%| F|  |TAMS 0x0000000706d00000, 0x0000000706d00000| Untracked 
|  86|0x0000000706e00000, 0x0000000706e00000, 0x0000000706f00000|  0%| F|  |TAMS 0x0000000706e00000, 0x0000000706e00000| Untracked 
|  87|0x0000000706f00000, 0x0000000706f00000, 0x0000000707000000|  0%| F|  |TAMS 0x0000000706f00000, 0x0000000706f00000| Untracked 
|  88|0x0000000707000000, 0x0000000707000000, 0x0000000707100000|  0%| F|  |TAMS 0x0000000707000000, 0x0000000707000000| Untracked 
|  89|0x0000000707100000, 0x0000000707100000, 0x0000000707200000|  0%| F|  |TAMS 0x0000000707100000, 0x0000000707100000| Untracked 
|  90|0x0000000707200000, 0x0000000707200000, 0x0000000707300000|  0%| F|  |TAMS 0x0000000707200000, 0x0000000707200000| Untracked 
|  91|0x0000000707300000, 0x0000000707300000, 0x0000000707400000|  0%| F|  |TAMS 0x0000000707300000, 0x0000000707300000| Untracked 
|  92|0x0000000707400000, 0x0000000707400000, 0x0000000707500000|  0%| F|  |TAMS 0x0000000707400000, 0x0000000707400000| Untracked 
|  93|0x0000000707500000, 0x0000000707500000, 0x0000000707600000|  0%| F|  |TAMS 0x0000000707500000, 0x0000000707500000| Untracked 
|  94|0x0000000707600000, 0x0000000707600000, 0x0000000707700000|  0%| F|  |TAMS 0x0000000707600000, 0x0000000707600000| Untracked 
|  95|0x0000000707700000, 0x0000000707700000, 0x0000000707800000|  0%| F|  |TAMS 0x0000000707700000, 0x0000000707700000| Untracked 
|  96|0x0000000707800000, 0x0000000707800000, 0x0000000707900000|  0%| F|  |TAMS 0x0000000707800000, 0x0000000707800000| Untracked 
|  97|0x0000000707900000, 0x0000000707900000, 0x0000000707a00000|  0%| F|  |TAMS 0x0000000707900000, 0x0000000707900000| Untracked 
|  98|0x0000000707a00000, 0x0000000707a00000, 0x0000000707b00000|  0%| F|  |TAMS 0x0000000707a00000, 0x0000000707a00000| Untracked 
|  99|0x0000000707b00000, 0x0000000707b00000, 0x0000000707c00000|  0%| F|  |TAMS 0x0000000707b00000, 0x0000000707b00000| Untracked 
| 100|0x0000000707c00000, 0x0000000707c00000, 0x0000000707d00000|  0%| F|  |TAMS 0x0000000707c00000, 0x0000000707c00000| Untracked 
| 101|0x0000000707d00000, 0x0000000707d00000, 0x0000000707e00000|  0%| F|  |TAMS 0x0000000707d00000, 0x0000000707d00000| Untracked 
| 102|0x0000000707e00000, 0x0000000707e00000, 0x0000000707f00000|  0%| F|  |TAMS 0x0000000707e00000, 0x0000000707e00000| Untracked 
| 103|0x0000000707f00000, 0x0000000707f00000, 0x0000000708000000|  0%| F|  |TAMS 0x0000000707f00000, 0x0000000707f00000| Untracked 
| 104|0x0000000708000000, 0x0000000708000000, 0x0000000708100000|  0%| F|  |TAMS 0x0000000708000000, 0x0000000708000000| Untracked 
| 105|0x0000000708100000, 0x0000000708100000, 0x0000000708200000|  0%| F|  |TAMS 0x0000000708100000, 0x0000000708100000| Untracked 
| 106|0x0000000708200000, 0x0000000708200000, 0x0000000708300000|  0%| F|  |TAMS 0x0000000708200000, 0x0000000708200000| Untracked 
| 107|0x0000000708300000, 0x0000000708300000, 0x0000000708400000|  0%| F|  |TAMS 0x0000000708300000, 0x0000000708300000| Untracked 
| 108|0x0000000708400000, 0x0000000708400000, 0x0000000708500000|  0%| F|  |TAMS 0x0000000708400000, 0x0000000708400000| Untracked 
| 109|0x0000000708500000, 0x0000000708500000, 0x0000000708600000|  0%| F|  |TAMS 0x0000000708500000, 0x0000000708500000| Untracked 
| 110|0x0000000708600000, 0x0000000708600000, 0x0000000708700000|  0%| F|  |TAMS 0x0000000708600000, 0x0000000708600000| Untracked 
| 111|0x0000000708700000, 0x0000000708700000, 0x0000000708800000|  0%| F|  |TAMS 0x0000000708700000, 0x0000000708700000| Untracked 
| 112|0x0000000708800000, 0x0000000708800000, 0x0000000708900000|  0%| F|  |TAMS 0x0000000708800000, 0x0000000708800000| Untracked 
| 113|0x0000000708900000, 0x0000000708900000, 0x0000000708a00000|  0%| F|  |TAMS 0x0000000708900000, 0x0000000708900000| Untracked 
| 114|0x0000000708a00000, 0x0000000708a00000, 0x0000000708b00000|  0%| F|  |TAMS 0x0000000708a00000, 0x0000000708a00000| Untracked 
| 115|0x0000000708b00000, 0x0000000708b00000, 0x0000000708c00000|  0%| F|  |TAMS 0x0000000708b00000, 0x0000000708b00000| Untracked 
| 116|0x0000000708c00000, 0x0000000708c00000, 0x0000000708d00000|  0%| F|  |TAMS 0x0000000708c00000, 0x0000000708c00000| Untracked 
| 117|0x0000000708d00000, 0x0000000708d00000, 0x0000000708e00000|  0%| F|  |TAMS 0x0000000708d00000, 0x0000000708d00000| Untracked 
| 118|0x0000000708e00000, 0x0000000708e00000, 0x0000000708f00000|  0%| F|  |TAMS 0x0000000708e00000, 0x0000000708e00000| Untracked 
| 119|0x0000000708f00000, 0x0000000708f00000, 0x0000000709000000|  0%| F|  |TAMS 0x0000000708f00000, 0x0000000708f00000| Untracked 
| 120|0x0000000709000000, 0x0000000709000000, 0x0000000709100000|  0%| F|  |TAMS 0x0000000709000000, 0x0000000709000000| Untracked 
| 121|0x0000000709100000, 0x0000000709100000, 0x0000000709200000|  0%| F|  |TAMS 0x0000000709100000, 0x0000000709100000| Untracked 
| 122|0x0000000709200000, 0x0000000709200000, 0x0000000709300000|  0%| F|  |TAMS 0x0000000709200000, 0x0000000709200000| Untracked 
| 123|0x0000000709300000, 0x0000000709300000, 0x0000000709400000|  0%| F|  |TAMS 0x0000000709300000, 0x0000000709300000| Untracked 
| 124|0x0000000709400000, 0x0000000709400000, 0x0000000709500000|  0%| F|  |TAMS 0x0000000709400000, 0x0000000709400000| Untracked 
| 125|0x0000000709500000, 0x0000000709500000, 0x0000000709600000|  0%| F|  |TAMS 0x0000000709500000, 0x0000000709500000| Untracked 
| 126|0x0000000709600000, 0x0000000709600000, 0x0000000709700000|  0%| F|  |TAMS 0x0000000709600000, 0x0000000709600000| Untracked 
| 127|0x0000000709700000, 0x0000000709700000, 0x0000000709800000|  0%| F|  |TAMS 0x0000000709700000, 0x0000000709700000| Untracked 
| 128|0x0000000709800000, 0x0000000709800000, 0x0000000709900000|  0%| F|  |TAMS 0x0000000709800000, 0x0000000709800000| Untracked 
| 129|0x0000000709900000, 0x0000000709900000, 0x0000000709a00000|  0%| F|  |TAMS 0x0000000709900000, 0x0000000709900000| Untracked 
| 130|0x0000000709a00000, 0x0000000709a00000, 0x0000000709b00000|  0%| F|  |TAMS 0x0000000709a00000, 0x0000000709a00000| Untracked 
| 131|0x0000000709b00000, 0x0000000709b00000, 0x0000000709c00000|  0%| F|  |TAMS 0x0000000709b00000, 0x0000000709b00000| Untracked 
| 132|0x0000000709c00000, 0x0000000709c00000, 0x0000000709d00000|  0%| F|  |TAMS 0x0000000709c00000, 0x0000000709c00000| Untracked 
| 133|0x0000000709d00000, 0x0000000709d00000, 0x0000000709e00000|  0%| F|  |TAMS 0x0000000709d00000, 0x0000000709d00000| Untracked 
| 134|0x0000000709e00000, 0x0000000709e00000, 0x0000000709f00000|  0%| F|  |TAMS 0x0000000709e00000, 0x0000000709e00000| Untracked 
| 135|0x0000000709f00000, 0x0000000709f00000, 0x000000070a000000|  0%| F|  |TAMS 0x0000000709f00000, 0x0000000709f00000| Untracked 
| 136|0x000000070a000000, 0x000000070a000000, 0x000000070a100000|  0%| F|  |TAMS 0x000000070a000000, 0x000000070a000000| Untracked 
| 137|0x000000070a100000, 0x000000070a100000, 0x000000070a200000|  0%| F|  |TAMS 0x000000070a100000, 0x000000070a100000| Untracked 
| 138|0x000000070a200000, 0x000000070a200000, 0x000000070a300000|  0%| F|  |TAMS 0x000000070a200000, 0x000000070a200000| Untracked 
| 139|0x000000070a300000, 0x000000070a300000, 0x000000070a400000|  0%| F|  |TAMS 0x000000070a300000, 0x000000070a300000| Untracked 
| 140|0x000000070a400000, 0x000000070a400000, 0x000000070a500000|  0%| F|  |TAMS 0x000000070a400000, 0x000000070a400000| Untracked 
| 141|0x000000070a500000, 0x000000070a500000, 0x000000070a600000|  0%| F|  |TAMS 0x000000070a500000, 0x000000070a500000| Untracked 
| 142|0x000000070a600000, 0x000000070a600000, 0x000000070a700000|  0%| F|  |TAMS 0x000000070a600000, 0x000000070a600000| Untracked 
| 143|0x000000070a700000, 0x000000070a700000, 0x000000070a800000|  0%| F|  |TAMS 0x000000070a700000, 0x000000070a700000| Untracked 
| 144|0x000000070a800000, 0x000000070a800000, 0x000000070a900000|  0%| F|  |TAMS 0x000000070a800000, 0x000000070a800000| Untracked 
| 145|0x000000070a900000, 0x000000070a900000, 0x000000070aa00000|  0%| F|  |TAMS 0x000000070a900000, 0x000000070a900000| Untracked 
| 146|0x000000070aa00000, 0x000000070aa00000, 0x000000070ab00000|  0%| F|  |TAMS 0x000000070aa00000, 0x000000070aa00000| Untracked 
| 147|0x000000070ab00000, 0x000000070ab00000, 0x000000070ac00000|  0%| F|  |TAMS 0x000000070ab00000, 0x000000070ab00000| Untracked 
| 148|0x000000070ac00000, 0x000000070ac00000, 0x000000070ad00000|  0%| F|  |TAMS 0x000000070ac00000, 0x000000070ac00000| Untracked 
| 149|0x000000070ad00000, 0x000000070ad00000, 0x000000070ae00000|  0%| F|  |TAMS 0x000000070ad00000, 0x000000070ad00000| Untracked 
| 150|0x000000070ae00000, 0x000000070ae00000, 0x000000070af00000|  0%| F|  |TAMS 0x000000070ae00000, 0x000000070ae00000| Untracked 
| 151|0x000000070af00000, 0x000000070af00000, 0x000000070b000000|  0%| F|  |TAMS 0x000000070af00000, 0x000000070af00000| Untracked 
| 152|0x000000070b000000, 0x000000070b000000, 0x000000070b100000|  0%| F|  |TAMS 0x000000070b000000, 0x000000070b000000| Untracked 
| 153|0x000000070b100000, 0x000000070b100000, 0x000000070b200000|  0%| F|  |TAMS 0x000000070b100000, 0x000000070b100000| Untracked 
| 154|0x000000070b200000, 0x000000070b200000, 0x000000070b300000|  0%| F|  |TAMS 0x000000070b200000, 0x000000070b200000| Untracked 
| 155|0x000000070b300000, 0x000000070b300000, 0x000000070b400000|  0%| F|  |TAMS 0x000000070b300000, 0x000000070b300000| Untracked 
| 156|0x000000070b400000, 0x000000070b400000, 0x000000070b500000|  0%| F|  |TAMS 0x000000070b400000, 0x000000070b400000| Untracked 
| 157|0x000000070b500000, 0x000000070b500000, 0x000000070b600000|  0%| F|  |TAMS 0x000000070b500000, 0x000000070b500000| Untracked 
| 158|0x000000070b600000, 0x000000070b600000, 0x000000070b700000|  0%| F|  |TAMS 0x000000070b600000, 0x000000070b600000| Untracked 
| 159|0x000000070b700000, 0x000000070b700000, 0x000000070b800000|  0%| F|  |TAMS 0x000000070b700000, 0x000000070b700000| Untracked 
| 160|0x000000070b800000, 0x000000070b800000, 0x000000070b900000|  0%| F|  |TAMS 0x000000070b800000, 0x000000070b800000| Untracked 
| 161|0x000000070b900000, 0x000000070b900000, 0x000000070ba00000|  0%| F|  |TAMS 0x000000070b900000, 0x000000070b900000| Untracked 
| 162|0x000000070ba00000, 0x000000070ba00000, 0x000000070bb00000|  0%| F|  |TAMS 0x000000070ba00000, 0x000000070ba00000| Untracked 
| 163|0x000000070bb00000, 0x000000070bb00000, 0x000000070bc00000|  0%| F|  |TAMS 0x000000070bb00000, 0x000000070bb00000| Untracked 
| 164|0x000000070bc00000, 0x000000070bc00000, 0x000000070bd00000|  0%| F|  |TAMS 0x000000070bc00000, 0x000000070bc00000| Untracked 
| 165|0x000000070bd00000, 0x000000070bd00000, 0x000000070be00000|  0%| F|  |TAMS 0x000000070bd00000, 0x000000070bd00000| Untracked 
| 166|0x000000070be00000, 0x000000070be00000, 0x000000070bf00000|  0%| F|  |TAMS 0x000000070be00000, 0x000000070be00000| Untracked 
| 167|0x000000070bf00000, 0x000000070bf00000, 0x000000070c000000|  0%| F|  |TAMS 0x000000070bf00000, 0x000000070bf00000| Untracked 
| 168|0x000000070c000000, 0x000000070c000000, 0x000000070c100000|  0%| F|  |TAMS 0x000000070c000000, 0x000000070c000000| Untracked 
| 169|0x000000070c100000, 0x000000070c100000, 0x000000070c200000|  0%| F|  |TAMS 0x000000070c100000, 0x000000070c100000| Untracked 
| 170|0x000000070c200000, 0x000000070c200000, 0x000000070c300000|  0%| F|  |TAMS 0x000000070c200000, 0x000000070c200000| Untracked 
| 171|0x000000070c300000, 0x000000070c300000, 0x000000070c400000|  0%| F|  |TAMS 0x000000070c300000, 0x000000070c300000| Untracked 
| 172|0x000000070c400000, 0x000000070c400000, 0x000000070c500000|  0%| F|  |TAMS 0x000000070c400000, 0x000000070c400000| Untracked 
| 173|0x000000070c500000, 0x000000070c500000, 0x000000070c600000|  0%| F|  |TAMS 0x000000070c500000, 0x000000070c500000| Untracked 
| 174|0x000000070c600000, 0x000000070c600000, 0x000000070c700000|  0%| F|  |TAMS 0x000000070c600000, 0x000000070c600000| Untracked 
| 175|0x000000070c700000, 0x000000070c700000, 0x000000070c800000|  0%| F|  |TAMS 0x000000070c700000, 0x000000070c700000| Untracked 
| 176|0x000000070c800000, 0x000000070c800000, 0x000000070c900000|  0%| F|  |TAMS 0x000000070c800000, 0x000000070c800000| Untracked 
| 177|0x000000070c900000, 0x000000070c900000, 0x000000070ca00000|  0%| F|  |TAMS 0x000000070c900000, 0x000000070c900000| Untracked 
| 178|0x000000070ca00000, 0x000000070ca00000, 0x000000070cb00000|  0%| F|  |TAMS 0x000000070ca00000, 0x000000070ca00000| Untracked 
| 179|0x000000070cb00000, 0x000000070cb00000, 0x000000070cc00000|  0%| F|  |TAMS 0x000000070cb00000, 0x000000070cb00000| Untracked 
| 180|0x000000070cc00000, 0x000000070cc00000, 0x000000070cd00000|  0%| F|  |TAMS 0x000000070cc00000, 0x000000070cc00000| Untracked 
| 181|0x000000070cd00000, 0x000000070cd00000, 0x000000070ce00000|  0%| F|  |TAMS 0x000000070cd00000, 0x000000070cd00000| Untracked 
| 182|0x000000070ce00000, 0x000000070ce00000, 0x000000070cf00000|  0%| F|  |TAMS 0x000000070ce00000, 0x000000070ce00000| Untracked 
| 183|0x000000070cf00000, 0x000000070cf00000, 0x000000070d000000|  0%| F|  |TAMS 0x000000070cf00000, 0x000000070cf00000| Untracked 
| 184|0x000000070d000000, 0x000000070d000000, 0x000000070d100000|  0%| F|  |TAMS 0x000000070d000000, 0x000000070d000000| Untracked 
| 185|0x000000070d100000, 0x000000070d100000, 0x000000070d200000|  0%| F|  |TAMS 0x000000070d100000, 0x000000070d100000| Untracked 
| 186|0x000000070d200000, 0x000000070d200000, 0x000000070d300000|  0%| F|  |TAMS 0x000000070d200000, 0x000000070d200000| Untracked 
| 187|0x000000070d300000, 0x000000070d300000, 0x000000070d400000|  0%| F|  |TAMS 0x000000070d300000, 0x000000070d300000| Untracked 
| 188|0x000000070d400000, 0x000000070d400000, 0x000000070d500000|  0%| F|  |TAMS 0x000000070d400000, 0x000000070d400000| Untracked 
| 189|0x000000070d500000, 0x000000070d500000, 0x000000070d600000|  0%| F|  |TAMS 0x000000070d500000, 0x000000070d500000| Untracked 
| 190|0x000000070d600000, 0x000000070d600000, 0x000000070d700000|  0%| F|  |TAMS 0x000000070d600000, 0x000000070d600000| Untracked 
| 191|0x000000070d700000, 0x000000070d700000, 0x000000070d800000|  0%| F|  |TAMS 0x000000070d700000, 0x000000070d700000| Untracked 
| 192|0x000000070d800000, 0x000000070d800000, 0x000000070d900000|  0%| F|  |TAMS 0x000000070d800000, 0x000000070d800000| Untracked 
| 193|0x000000070d900000, 0x000000070d900000, 0x000000070da00000|  0%| F|  |TAMS 0x000000070d900000, 0x000000070d900000| Untracked 
| 194|0x000000070da00000, 0x000000070da00000, 0x000000070db00000|  0%| F|  |TAMS 0x000000070da00000, 0x000000070da00000| Untracked 
| 195|0x000000070db00000, 0x000000070db00000, 0x000000070dc00000|  0%| F|  |TAMS 0x000000070db00000, 0x000000070db00000| Untracked 
| 196|0x000000070dc00000, 0x000000070dc00000, 0x000000070dd00000|  0%| F|  |TAMS 0x000000070dc00000, 0x000000070dc00000| Untracked 
| 197|0x000000070dd00000, 0x000000070dd00000, 0x000000070de00000|  0%| F|  |TAMS 0x000000070dd00000, 0x000000070dd00000| Untracked 
| 198|0x000000070de00000, 0x000000070de00000, 0x000000070df00000|  0%| F|  |TAMS 0x000000070de00000, 0x000000070de00000| Untracked 
| 199|0x000000070df00000, 0x000000070df00000, 0x000000070e000000|  0%| F|  |TAMS 0x000000070df00000, 0x000000070df00000| Untracked 
| 200|0x000000070e000000, 0x000000070e000000, 0x000000070e100000|  0%| F|  |TAMS 0x000000070e000000, 0x000000070e000000| Untracked 
| 201|0x000000070e100000, 0x000000070e100000, 0x000000070e200000|  0%| F|  |TAMS 0x000000070e100000, 0x000000070e100000| Untracked 
| 202|0x000000070e200000, 0x000000070e200000, 0x000000070e300000|  0%| F|  |TAMS 0x000000070e200000, 0x000000070e200000| Untracked 
| 203|0x000000070e300000, 0x000000070e300000, 0x000000070e400000|  0%| F|  |TAMS 0x000000070e300000, 0x000000070e300000| Untracked 
| 204|0x000000070e400000, 0x000000070e400000, 0x000000070e500000|  0%| F|  |TAMS 0x000000070e400000, 0x000000070e400000| Untracked 
| 205|0x000000070e500000, 0x000000070e500000, 0x000000070e600000|  0%| F|  |TAMS 0x000000070e500000, 0x000000070e500000| Untracked 
| 206|0x000000070e600000, 0x000000070e600000, 0x000000070e700000|  0%| F|  |TAMS 0x000000070e600000, 0x000000070e600000| Untracked 
| 207|0x000000070e700000, 0x000000070e700000, 0x000000070e800000|  0%| F|  |TAMS 0x000000070e700000, 0x000000070e700000| Untracked 
| 208|0x000000070e800000, 0x000000070e800000, 0x000000070e900000|  0%| F|  |TAMS 0x000000070e800000, 0x000000070e800000| Untracked 
| 209|0x000000070e900000, 0x000000070e900000, 0x000000070ea00000|  0%| F|  |TAMS 0x000000070e900000, 0x000000070e900000| Untracked 
| 210|0x000000070ea00000, 0x000000070ea00000, 0x000000070eb00000|  0%| F|  |TAMS 0x000000070ea00000, 0x000000070ea00000| Untracked 
| 211|0x000000070eb00000, 0x000000070eb00000, 0x000000070ec00000|  0%| F|  |TAMS 0x000000070eb00000, 0x000000070eb00000| Untracked 
| 212|0x000000070ec00000, 0x000000070ec00000, 0x000000070ed00000|  0%| F|  |TAMS 0x000000070ec00000, 0x000000070ec00000| Untracked 
| 213|0x000000070ed00000, 0x000000070ed00000, 0x000000070ee00000|  0%| F|  |TAMS 0x000000070ed00000, 0x000000070ed00000| Untracked 
| 214|0x000000070ee00000, 0x000000070ee00000, 0x000000070ef00000|  0%| F|  |TAMS 0x000000070ee00000, 0x000000070ee00000| Untracked 
| 215|0x000000070ef00000, 0x000000070ef00000, 0x000000070f000000|  0%| F|  |TAMS 0x000000070ef00000, 0x000000070ef00000| Untracked 
| 216|0x000000070f000000, 0x000000070f000000, 0x000000070f100000|  0%| F|  |TAMS 0x000000070f000000, 0x000000070f000000| Untracked 
| 217|0x000000070f100000, 0x000000070f200000, 0x000000070f200000|100%| S|CS|TAMS 0x000000070f100000, 0x000000070f100000| Complete 
| 218|0x000000070f200000, 0x000000070f300000, 0x000000070f300000|100%| S|CS|TAMS 0x000000070f200000, 0x000000070f200000| Complete 
| 219|0x000000070f300000, 0x000000070f400000, 0x000000070f400000|100%| S|CS|TAMS 0x000000070f300000, 0x000000070f300000| Complete 
| 220|0x000000070f400000, 0x000000070f500000, 0x000000070f500000|100%| S|CS|TAMS 0x000000070f400000, 0x000000070f400000| Complete 
| 221|0x000000070f500000, 0x000000070f600000, 0x000000070f600000|100%| S|CS|TAMS 0x000000070f500000, 0x000000070f500000| Complete 
| 222|0x000000070f600000, 0x000000070f600000, 0x000000070f700000|  0%| F|  |TAMS 0x000000070f600000, 0x000000070f600000| Untracked 
| 223|0x000000070f700000, 0x000000070f700000, 0x000000070f800000|  0%| F|  |TAMS 0x000000070f700000, 0x000000070f700000| Untracked 
| 224|0x000000070f800000, 0x000000070f800000, 0x000000070f900000|  0%| F|  |TAMS 0x000000070f800000, 0x000000070f800000| Untracked 
| 225|0x000000070f900000, 0x000000070f900000, 0x000000070fa00000|  0%| F|  |TAMS 0x000000070f900000, 0x000000070f900000| Untracked 
| 226|0x000000070fa00000, 0x000000070fa00000, 0x000000070fb00000|  0%| F|  |TAMS 0x000000070fa00000, 0x000000070fa00000| Untracked 
| 227|0x000000070fb00000, 0x000000070fb00800, 0x000000070fc00000|  0%| E|  |TAMS 0x000000070fb00000, 0x000000070fb00000| Complete 
| 228|0x000000070fc00000, 0x000000070fd00000, 0x000000070fd00000|100%| E|CS|TAMS 0x000000070fc00000, 0x000000070fc00000| Complete 
| 229|0x000000070fd00000, 0x000000070fe00000, 0x000000070fe00000|100%| E|CS|TAMS 0x000000070fd00000, 0x000000070fd00000| Complete 
| 230|0x000000070fe00000, 0x000000070ff00000, 0x000000070ff00000|100%| E|CS|TAMS 0x000000070fe00000, 0x000000070fe00000| Complete 
| 231|0x000000070ff00000, 0x0000000710000000, 0x0000000710000000|100%| E|CS|TAMS 0x000000070ff00000, 0x000000070ff00000| Complete 
| 232|0x0000000710000000, 0x0000000710100000, 0x0000000710100000|100%| E|CS|TAMS 0x0000000710000000, 0x0000000710000000| Complete 
| 233|0x0000000710100000, 0x0000000710200000, 0x0000000710200000|100%| E|CS|TAMS 0x0000000710100000, 0x0000000710100000| Complete 
| 234|0x0000000710200000, 0x0000000710300000, 0x0000000710300000|100%| E|CS|TAMS 0x0000000710200000, 0x0000000710200000| Complete 
| 235|0x0000000710300000, 0x0000000710400000, 0x0000000710400000|100%| E|CS|TAMS 0x0000000710300000, 0x0000000710300000| Complete 
| 236|0x0000000710400000, 0x0000000710500000, 0x0000000710500000|100%| E|CS|TAMS 0x0000000710400000, 0x0000000710400000| Complete 
| 237|0x0000000710500000, 0x0000000710600000, 0x0000000710600000|100%| E|CS|TAMS 0x0000000710500000, 0x0000000710500000| Complete 
| 238|0x0000000710600000, 0x0000000710700000, 0x0000000710700000|100%| E|CS|TAMS 0x0000000710600000, 0x0000000710600000| Complete 
| 239|0x0000000710700000, 0x0000000710800000, 0x0000000710800000|100%| E|CS|TAMS 0x0000000710700000, 0x0000000710700000| Complete 
| 240|0x0000000710800000, 0x0000000710900000, 0x0000000710900000|100%| E|CS|TAMS 0x0000000710800000, 0x0000000710800000| Complete 
| 241|0x0000000710900000, 0x0000000710a00000, 0x0000000710a00000|100%| E|CS|TAMS 0x0000000710900000, 0x0000000710900000| Complete 
| 242|0x0000000710a00000, 0x0000000710b00000, 0x0000000710b00000|100%| E|CS|TAMS 0x0000000710a00000, 0x0000000710a00000| Complete 
| 243|0x0000000710b00000, 0x0000000710c00000, 0x0000000710c00000|100%| E|CS|TAMS 0x0000000710b00000, 0x0000000710b00000| Complete 
| 244|0x0000000710c00000, 0x0000000710d00000, 0x0000000710d00000|100%| E|CS|TAMS 0x0000000710c00000, 0x0000000710c00000| Complete 
| 245|0x0000000710d00000, 0x0000000710e00000, 0x0000000710e00000|100%| E|CS|TAMS 0x0000000710d00000, 0x0000000710d00000| Complete 
| 246|0x0000000710e00000, 0x0000000710f00000, 0x0000000710f00000|100%| E|CS|TAMS 0x0000000710e00000, 0x0000000710e00000| Complete 
| 247|0x0000000710f00000, 0x0000000711000000, 0x0000000711000000|100%| E|CS|TAMS 0x0000000710f00000, 0x0000000710f00000| Complete 
| 248|0x0000000711000000, 0x0000000711100000, 0x0000000711100000|100%| E|CS|TAMS 0x0000000711000000, 0x0000000711000000| Complete 
| 249|0x0000000711100000, 0x0000000711200000, 0x0000000711200000|100%| E|CS|TAMS 0x0000000711100000, 0x0000000711100000| Complete 
| 250|0x0000000711200000, 0x0000000711300000, 0x0000000711300000|100%| E|CS|TAMS 0x0000000711200000, 0x0000000711200000| Complete 
| 251|0x0000000711300000, 0x0000000711400000, 0x0000000711400000|100%| E|CS|TAMS 0x0000000711300000, 0x0000000711300000| Complete 
| 252|0x0000000711400000, 0x0000000711500000, 0x0000000711500000|100%| E|CS|TAMS 0x0000000711400000, 0x0000000711400000| Complete 
| 253|0x0000000711500000, 0x0000000711600000, 0x0000000711600000|100%| E|CS|TAMS 0x0000000711500000, 0x0000000711500000| Complete 
| 254|0x0000000711600000, 0x0000000711700000, 0x0000000711700000|100%| E|CS|TAMS 0x0000000711600000, 0x0000000711600000| Complete 
| 255|0x0000000711700000, 0x0000000711800000, 0x0000000711800000|100%| E|CS|TAMS 0x0000000711700000, 0x0000000711700000| Complete 

Card table byte_map: [0x0000029dc14c0000,0x0000029dc1cc0000] _byte_map_base: 0x0000029dbdcb4000

Marking Bits (Prev, Next): (CMBitMap*) 0x0000029da9262fb8, (CMBitMap*) 0x0000029da9262ff8
 Prev Bits: [0x0000029dc24c0000, 0x0000029dc6460000)
 Next Bits: [0x0000029dc6460000, 0x0000029dca400000)

Polling page: 0x0000029da6f10000

Metaspace:

Usage:
  Non-class:      8.45 MB capacity,     8.05 MB ( 95%) used,   356.05 KB (  4%) free+waste,    50.81 KB ( <1%) overhead. 
      Class:      1.12 MB capacity,   949.92 KB ( 83%) used,   171.39 KB ( 15%) free+waste,    25.69 KB (  2%) overhead. 
       Both:      9.57 MB capacity,     8.98 MB ( 94%) used,   527.45 KB (  5%) free+waste,    76.50 KB ( <1%) overhead. 

Virtual space:
  Non-class space:       10.00 MB reserved,       8.68 MB ( 87%) committed 
      Class space:        1.00 GB reserved,       1.13 MB ( <1%) committed 
             Both:        1.01 GB reserved,       9.81 MB ( <1%) committed 

Chunk freelists:
   Non-Class:  114.00 KB
       Class:  5.00 KB
        Both:  119.00 KB

MaxMetaspaceSize: 17179869184.00 GB
CompressedClassSpaceSize: 1.00 GB

CodeHeap 'non-profiled nmethods': size=120000Kb used=1048Kb max_used=1048Kb free=118951Kb
 bounds [0x0000029db9460000, 0x0000029db96d0000, 0x0000029dc0990000]
CodeHeap 'profiled nmethods': size=120000Kb used=4732Kb max_used=4732Kb free=115267Kb
 bounds [0x0000029db1f30000, 0x0000029db23d0000, 0x0000029db9460000]
CodeHeap 'non-nmethods': size=5760Kb used=1271Kb max_used=1361Kb free=4488Kb
 bounds [0x0000029db1990000, 0x0000029db1c00000, 0x0000029db1f30000]
 total_blobs=3177 nmethods=1909 adapters=354
 compilation: enabled
              stopped_count=0, restarted_count=0
 full_count=0

Compilation events (20 events):
Event: 1.434 Thread 0x0000029dcd850800 nmethod 1904 0x0000029db23ccd10 code [0x0000029db23ccf00, 0x0000029db23cd648]
Event: 1.434 Thread 0x0000029dcd850800 1903       3       edu.mit.csail.sdg.ast.ExprList::makeAND (38 bytes)
Event: 1.435 Thread 0x0000029dcd850800 nmethod 1903 0x0000029db23cd890 code [0x0000029db23cdb60, 0x0000029db23ceac8]
Event: 1.435 Thread 0x0000029dce10a800 nmethod 1906 0x0000029db9558010 code [0x0000029db9558220, 0x0000029db95585d8]
Event: 1.435 Thread 0x0000029dce10a800 1885       4       java.util.LinkedHashMap$LinkedHashIterator::<init> (31 bytes)
Event: 1.437 Thread 0x0000029dcd847800 nmethod 1909 0x0000029db9558810 code [0x0000029db95589a0, 0x0000029db9558b98]
Event: 1.437 Thread 0x0000029dcd847800 1867       4       edu.mit.csail.sdg.alloy4.ConstList$TempList::size (8 bytes)
Event: 1.437 Thread 0x0000029dcd847800 nmethod 1867 0x0000029db9558c90 code [0x0000029db9558e20, 0x0000029db9558ef8]
Event: 1.437 Thread 0x0000029dcd847800 1804       4       java.util.Arrays$ArrayList::size (6 bytes)
Event: 1.438 Thread 0x0000029dcd847800 nmethod 1804 0x0000029db9558f90 code [0x0000029db9559120, 0x0000029db95591f8]
Event: 1.438 Thread 0x0000029dcd847800 1813       4       java.util.Arrays$ArrayList::get (7 bytes)
Event: 1.438 Thread 0x0000029dce10a800 nmethod 1885 0x0000029db9559290 code [0x0000029db9559420, 0x0000029db9559718]
Event: 1.438 Thread 0x0000029dce10a800 1886       4       java.util.LinkedHashMap::values (25 bytes)
Event: 1.439 Thread 0x0000029dcd847800 nmethod 1813 0x0000029db9559810 code [0x0000029db95599c0, 0x0000029db9559af8]
Event: 1.439 Thread 0x0000029dcd847800 1784       4       java.util.AbstractList$Itr::<init> (31 bytes)
Event: 1.440 Thread 0x0000029dce10a800 nmethod 1886 0x0000029db9559b90 code [0x0000029db9559d20, 0x0000029db9559f28]
Event: 1.441 Thread 0x0000029dcd847800 nmethod 1784 0x0000029db955a010 code [0x0000029db955a1a0, 0x0000029db955a3b8]
Event: 1.555 Thread 0x0000029dcee11800 nmethod 1844% 0x0000029db955a490 code [0x0000029db955af80, 0x0000029db9562dc8]
Event: 102.109 Thread 0x0000029dcd847800 1910       4       java.lang.StringBuilder::append (9 bytes)
Event: 102.110 Thread 0x0000029dcd847800 nmethod 1910 0x0000029db9565e90 code [0x0000029db9566020, 0x0000029db9566108]

GC Heap History (4 events):
Event: 0.808 GC heap before
{Heap before GC invocations=0 (full 0):
 garbage-first heap   total 262144K, used 22528K [0x0000000701800000, 0x0000000800000000)
  region size 1024K, 23 young (23552K), 0 survivors (0K)
 Metaspace       used 5292K, capacity 6122K, committed 6400K, reserved 1056768K
  class space    used 572K, capacity 699K, committed 768K, reserved 1048576K
}
Event: 0.811 GC heap after
{Heap after GC invocations=1 (full 0):
 garbage-first heap   total 262144K, used 2854K [0x0000000701800000, 0x0000000800000000)
  region size 1024K, 3 young (3072K), 3 survivors (3072K)
 Metaspace       used 5292K, capacity 6122K, committed 6400K, reserved 1056768K
  class space    used 572K, capacity 699K, committed 768K, reserved 1048576K
}
Event: 1.215 GC heap before
{Heap before GC invocations=1 (full 0):
 garbage-first heap   total 262144K, used 34598K [0x0000000701800000, 0x0000000800000000)
  region size 1024K, 34 young (34816K), 3 survivors (3072K)
 Metaspace       used 8724K, capacity 9253K, committed 9532K, reserved 1058816K
  class space    used 939K, capacity 1115K, committed 1152K, reserved 1048576K
}
Event: 1.222 GC heap after
{Heap after GC invocations=2 (full 0):
 garbage-first heap   total 262144K, used 9567K [0x0000000701800000, 0x0000000800000000)
  region size 1024K, 5 young (5120K), 5 survivors (5120K)
 Metaspace       used 8724K, capacity 9253K, committed 9532K, reserved 1058816K
  class space    used 939K, capacity 1115K, committed 1152K, reserved 1048576K
}

Deoptimization events (20 events):
Event: 1.278 Thread 0x0000029da91fc000 DEOPT PACKING pc=0x0000029db22f75a8 sp=0x000000df523faa80
Event: 1.278 Thread 0x0000029da91fc000 DEOPT UNPACKING pc=0x0000029db19d964e sp=0x000000df523fa078 mode 0
Event: 1.289 Thread 0x0000029da91fc000 DEOPT PACKING pc=0x0000029db22f7193 sp=0x000000df523fa9a0
Event: 1.289 Thread 0x0000029da91fc000 DEOPT UNPACKING pc=0x0000029db19d964e sp=0x000000df523f9fa0 mode 0
Event: 1.300 Thread 0x0000029da91fc000 DEOPT PACKING pc=0x0000029db220b9f3 sp=0x000000df523f9d40
Event: 1.300 Thread 0x0000029da91fc000 DEOPT UNPACKING pc=0x0000029db19d964e sp=0x000000df523f9268 mode 0
Event: 1.319 Thread 0x0000029da91fc000 Uncommon trap: trap_request=0xffffff45 fr.pc=0x0000029db9526998 relative=0x0000000000000138
Event: 1.319 Thread 0x0000029da91fc000 Uncommon trap: reason=unstable_if action=reinterpret pc=0x0000029db9526998 method=edu.mit.csail.sdg.ast.Sig$PrimSig.isSameOrDescendentOf(Ledu/mit/csail/sdg/ast/Sig;)Z @ 9 c2
Event: 1.319 Thread 0x0000029da91fc000 DEOPT PACKING pc=0x0000029db9526998 sp=0x000000df523fa1d0
Event: 1.319 Thread 0x0000029da91fc000 DEOPT UNPACKING pc=0x0000029db19d912f sp=0x000000df523fa160 mode 2
Event: 1.359 Thread 0x0000029da91fc000 Uncommon trap: trap_request=0xffffff45 fr.pc=0x0000029db95297c4 relative=0x0000000000000844
Event: 1.359 Thread 0x0000029da91fc000 Uncommon trap: reason=unstable_if action=reinterpret pc=0x0000029db95297c4 method=edu.mit.csail.sdg.ast.Type$ProductType.isSubtypeOf(Ledu/mit/csail/sdg/ast/Type$ProductType;)Z @ 2 c2
Event: 1.359 Thread 0x0000029da91fc000 DEOPT PACKING pc=0x0000029db95297c4 sp=0x000000df523fa6e0
Event: 1.359 Thread 0x0000029da91fc000 DEOPT UNPACKING pc=0x0000029db19d912f sp=0x000000df523fa5d0 mode 2
Event: 1.359 Thread 0x0000029da91fc000 Uncommon trap: trap_request=0xffffff45 fr.pc=0x0000029db9528890 relative=0x00000000000002d0
Event: 1.359 Thread 0x0000029da91fc000 Uncommon trap: reason=unstable_if action=reinterpret pc=0x0000029db9528890 method=edu.mit.csail.sdg.ast.Type$ProductType.isSubtypeOf(Ledu/mit/csail/sdg/ast/Type$ProductType;)Z @ 2 c2
Event: 1.359 Thread 0x0000029da91fc000 DEOPT PACKING pc=0x0000029db9528890 sp=0x000000df523fa810
Event: 1.359 Thread 0x0000029da91fc000 DEOPT UNPACKING pc=0x0000029db19d912f sp=0x000000df523fa7a0 mode 2
Event: 1.405 Thread 0x0000029da91fc000 DEOPT PACKING pc=0x0000029db22f75a8 sp=0x000000df523faa80
Event: 1.405 Thread 0x0000029da91fc000 DEOPT UNPACKING pc=0x0000029db19d964e sp=0x000000df523fa078 mode 0

Classes unloaded (0 events):
No events

Classes redefined (3 events):
Event: 126.003 Thread 0x0000029dccf96800 redefined class name=org.alloytools.alloy.diff.ModuleMerger, count=1
Event: 257.006 Thread 0x0000029dccf96800 redefined class name=org.alloytools.alloy.diff.ModuleMerger, count=2
Event: 281.073 Thread 0x0000029dccf96800 redefined class name=org.alloytools.alloy.diff.ModuleMerger, count=3

Internal exceptions (20 events):
Event: 0.933 Thread 0x0000029da91fc000 Exception <a 'java/lang/NoSuchMethodError'{0x00000007112efa58}: 'int java.lang.invoke.DirectMethodHandle$Holder.invokeStaticInit(java.lang.Object, java.lang.Object)'> (0x00000007112efa58) 
thrown [./open/src/hotspot/share/interpreter/linkResolver.cpp, line 766]
Event: 0.958 Thread 0x0000029da91fc000 Exception <a 'java/lang/IncompatibleClassChangeError'{0x000000071101bd58}: Found class java.lang.Object, but interface was expected> (0x000000071101bd58) 
thrown [./open/src/hotspot/share/interpreter/linkResolver.cpp, line 832]
Event: 0.962 Thread 0x0000029da91fc000 Exception <a 'java/lang/NoSuchMethodError'{0x0000000711043c40}: 'void java.lang.invoke.DirectMethodHandle$Holder.invokeVirtual(java.lang.Object, java.lang.Object)'> (0x0000000711043c40) 
thrown [./open/src/hotspot/share/interpreter/linkResolver.cpp, line 766]
Event: 0.964 Thread 0x0000029da91fc000 Exception <a 'java/lang/NoSuchMethodError'{0x000000071105c738}: 'int java.lang.invoke.DirectMethodHandle$Holder.invokeSpecial(java.lang.Object, java.lang.Object, java.lang.Object, java.lang.Object)'> (0x000000071105c738) 
thrown [./open/src/hotspot/share/interpreter/linkResolver.cpp, line 766]
Event: 1.136 Thread 0x0000029da91fc000 Exception <a 'java/io/FileNotFoundException'{0x000000071010a118}> (0x000000071010a118) 
thrown [./open/src/hotspot/share/prims/jni.cpp, line 599]
Event: 1.137 Thread 0x0000029da91fc000 Exception <a 'java/io/FileNotFoundException'{0x000000071010b918}> (0x000000071010b918) 
thrown [./open/src/hotspot/share/prims/jni.cpp, line 599]
Event: 1.155 Thread 0x0000029da91fc000 Exception <a 'java/io/FileNotFoundException'{0x000000070fd601d0}> (0x000000070fd601d0) 
thrown [./open/src/hotspot/share/prims/jni.cpp, line 599]
Event: 1.155 Thread 0x0000029da91fc000 Exception <a 'java/io/FileNotFoundException'{0x000000070fd61880}> (0x000000070fd61880) 
thrown [./open/src/hotspot/share/prims/jni.cpp, line 599]
Event: 1.180 Thread 0x0000029da91fc000 Exception <a 'java/io/FileNotFoundException'{0x000000070fa89bc8}> (0x000000070fa89bc8) 
thrown [./open/src/hotspot/share/prims/jni.cpp, line 599]
Event: 1.180 Thread 0x0000029da91fc000 Exception <a 'java/io/FileNotFoundException'{0x000000070fa8b278}> (0x000000070fa8b278) 
thrown [./open/src/hotspot/share/prims/jni.cpp, line 599]
Event: 1.200 Thread 0x0000029da91fc000 Exception <a 'java/io/FileNotFoundException'{0x000000070f730070}> (0x000000070f730070) 
thrown [./open/src/hotspot/share/prims/jni.cpp, line 599]
Event: 1.200 Thread 0x0000029da91fc000 Exception <a 'java/io/FileNotFoundException'{0x000000070f731720}> (0x000000070f731720) 
thrown [./open/src/hotspot/share/prims/jni.cpp, line 599]
Event: 1.232 Thread 0x0000029da91fc000 Exception <a 'java/io/FileNotFoundException'{0x0000000711655490}> (0x0000000711655490) 
thrown [./open/src/hotspot/share/prims/jni.cpp, line 599]
Event: 1.233 Thread 0x0000029da91fc000 Exception <a 'java/io/FileNotFoundException'{0x0000000711656b40}> (0x0000000711656b40) 
thrown [./open/src/hotspot/share/prims/jni.cpp, line 599]
Event: 1.252 Thread 0x0000029da91fc000 Exception <a 'java/io/FileNotFoundException'{0x00000007114fadb0}> (0x00000007114fadb0) 
thrown [./open/src/hotspot/share/prims/jni.cpp, line 599]
Event: 1.253 Thread 0x0000029da91fc000 Exception <a 'java/io/FileNotFoundException'{0x00000007114fc460}> (0x00000007114fc460) 
thrown [./open/src/hotspot/share/prims/jni.cpp, line 599]
Event: 1.273 Thread 0x0000029da91fc000 Exception <a 'java/io/FileNotFoundException'{0x00000007111a0d88}> (0x00000007111a0d88) 
thrown [./open/src/hotspot/share/prims/jni.cpp, line 599]
Event: 1.273 Thread 0x0000029da91fc000 Exception <a 'java/io/FileNotFoundException'{0x00000007111a2438}> (0x00000007111a2438) 
thrown [./open/src/hotspot/share/prims/jni.cpp, line 599]
Event: 1.402 Thread 0x0000029da91fc000 Exception <a 'java/io/FileNotFoundException'{0x000000070feb4f88}> (0x000000070feb4f88) 
thrown [./open/src/hotspot/share/prims/jni.cpp, line 599]
Event: 1.402 Thread 0x0000029da91fc000 Exception <a 'java/io/FileNotFoundException'{0x000000070feb6628}> (0x000000070feb6628) 
thrown [./open/src/hotspot/share/prims/jni.cpp, line 599]

Events (20 events):
Event: 281.091 Executing VM operation: GetOwnedMonitorInfo
Event: 281.092 Executing VM operation: GetOwnedMonitorInfo done
Event: 281.092 Executing VM operation: GetCurrentContendedMonitor
Event: 281.092 Executing VM operation: GetCurrentContendedMonitor done
Event: 281.092 Executing VM operation: GetCurrentContendedMonitor
Event: 281.092 Executing VM operation: GetCurrentContendedMonitor done
Event: 281.092 Executing VM operation: GetOwnedMonitorInfo
Event: 281.092 Executing VM operation: GetOwnedMonitorInfo done
Event: 281.147 Executing VM operation: GetFrameCount
Event: 281.148 Executing VM operation: GetFrameCount done
Event: 281.148 Executing VM operation: GetOwnedMonitorInfo
Event: 281.148 Executing VM operation: GetOwnedMonitorInfo done
Event: 281.148 Executing VM operation: GetCurrentContendedMonitor
Event: 281.148 Executing VM operation: GetCurrentContendedMonitor done
Event: 281.151 Executing VM operation: GetFrameCount
Event: 281.152 Executing VM operation: GetFrameCount done
Event: 281.152 Executing VM operation: GetOwnedMonitorInfo
Event: 281.152 Executing VM operation: GetOwnedMonitorInfo done
Event: 281.152 Executing VM operation: GetCurrentContendedMonitor
Event: 281.152 Executing VM operation: GetCurrentContendedMonitor done


Dynamic libraries:
0x00007ff6f4b00000 - 0x00007ff6f4b0f000 	C:\Program Files\Java\jdk-14.0.1\bin\javaw.exe
0x00007ff848b40000 - 0x00007ff848d30000 	C:\WINDOWS\SYSTEM32\ntdll.dll
0x00007ff8484d0000 - 0x00007ff848582000 	C:\WINDOWS\System32\KERNEL32.DLL
0x00007ff8460d0000 - 0x00007ff846374000 	C:\WINDOWS\System32\KERNELBASE.dll
0x00007ff845e30000 - 0x00007ff845f2a000 	C:\WINDOWS\System32\ucrtbase.dll
0x00007ff841f60000 - 0x00007ff841f78000 	C:\Program Files\Java\jdk-14.0.1\bin\jli.dll
0x00007ff838b00000 - 0x00007ff838b15000 	C:\Program Files\Java\jdk-14.0.1\bin\VCRUNTIME140.dll
0x00007ff8486f0000 - 0x00007ff848793000 	C:\WINDOWS\System32\ADVAPI32.dll
0x00007ff8482c0000 - 0x00007ff84835e000 	C:\WINDOWS\System32\msvcrt.dll
0x00007ff847fa0000 - 0x00007ff848037000 	C:\WINDOWS\System32\sechost.dll
0x00007ff8480a0000 - 0x00007ff8481c0000 	C:\WINDOWS\System32\RPCRT4.dll
0x00007ff847e00000 - 0x00007ff847f94000 	C:\WINDOWS\System32\USER32.dll
0x00007ff846380000 - 0x00007ff8463a1000 	C:\WINDOWS\System32\win32u.dll
0x00007ff838320000 - 0x00007ff8385a4000 	C:\WINDOWS\WinSxS\amd64_microsoft.windows.common-controls_6595b64144ccf1df_6.0.18362.815_none_e6c3b941130ffef4\COMCTL32.dll
0x00007ff8484a0000 - 0x00007ff8484c6000 	C:\WINDOWS\System32\GDI32.dll
0x00007ff8487c0000 - 0x00007ff848af6000 	C:\WINDOWS\System32\combase.dll
0x00007ff845f30000 - 0x00007ff8460c4000 	C:\WINDOWS\System32\gdi32full.dll
0x00007ff846b50000 - 0x00007ff846bee000 	C:\WINDOWS\System32\msvcp_win.dll
0x00007ff845b80000 - 0x00007ff845c00000 	C:\WINDOWS\System32\bcryptPrimitives.dll
0x00007ff83f1b0000 - 0x00007ff83f1ba000 	C:\WINDOWS\SYSTEM32\VERSION.dll
0x00007ff848290000 - 0x00007ff8482be000 	C:\WINDOWS\System32\IMM32.DLL
0x00007ff81b030000 - 0x00007ff81b0cb000 	C:\Program Files\Java\jdk-14.0.1\bin\msvcp140.dll
0x00007ffff2620000 - 0x00007ffff313e000 	C:\Program Files\Java\jdk-14.0.1\bin\server\jvm.dll
0x00007ff8472e0000 - 0x00007ff8472e8000 	C:\WINDOWS\System32\PSAPI.DLL
0x00007ff844500000 - 0x00007ff844509000 	C:\WINDOWS\SYSTEM32\WSOCK32.dll
0x00007ff843740000 - 0x00007ff843764000 	C:\WINDOWS\SYSTEM32\WINMM.dll
0x00007ff848220000 - 0x00007ff84828f000 	C:\WINDOWS\System32\WS2_32.dll
0x00007ff843710000 - 0x00007ff84373d000 	C:\WINDOWS\SYSTEM32\winmmbase.dll
0x00007ff845c00000 - 0x00007ff845c4a000 	C:\WINDOWS\System32\cfgmgr32.dll
0x00007ff845a30000 - 0x00007ff845a41000 	C:\WINDOWS\System32\kernel.appcore.dll
0x00007ff838af0000 - 0x00007ff838afa000 	C:\Program Files\Java\jdk-14.0.1\bin\jimage.dll
0x00007ff8442d0000 - 0x00007ff8444c4000 	C:\WINDOWS\SYSTEM32\DBGHELP.DLL
0x00007ff828af0000 - 0x00007ff828b1a000 	C:\WINDOWS\SYSTEM32\dbgcore.DLL
0x00007ff82a9a0000 - 0x00007ff82a9d8000 	C:\Program Files\Java\jdk-14.0.1\bin\jdwp.dll
0x00007ff81d640000 - 0x00007ff81d665000 	C:\Program Files\Java\jdk-14.0.1\bin\java.dll
0x00007ff838a20000 - 0x00007ff838a2e000 	C:\Program Files\Java\jdk-14.0.1\bin\instrument.dll
0x00007ff81cbc0000 - 0x00007ff81cbd6000 	C:\Program Files\Java\jdk-14.0.1\bin\zip.dll
0x00007ff846bf0000 - 0x00007ff8472d4000 	C:\WINDOWS\System32\SHELL32.dll
0x00007ff8474a0000 - 0x00007ff847549000 	C:\WINDOWS\System32\shcore.dll
0x00007ff8463d0000 - 0x00007ff846b4d000 	C:\WINDOWS\System32\windows.storage.dll
0x00007ff845aa0000 - 0x00007ff845ac3000 	C:\WINDOWS\System32\profapi.dll
0x00007ff845a50000 - 0x00007ff845a9a000 	C:\WINDOWS\System32\powrprof.dll
0x00007ff845a00000 - 0x00007ff845a10000 	C:\WINDOWS\System32\UMPDC.dll
0x00007ff8481c0000 - 0x00007ff848212000 	C:\WINDOWS\System32\shlwapi.dll
0x00007ff8463b0000 - 0x00007ff8463c7000 	C:\WINDOWS\System32\cryptsp.dll
0x00007ff8389e0000 - 0x00007ff8389eb000 	C:\Program Files\Java\jdk-14.0.1\bin\dt_socket.dll
0x00007ff844f20000 - 0x00007ff844f5a000 	C:\WINDOWS\SYSTEM32\IPHLPAPI.DLL
0x00007ff845210000 - 0x00007ff845277000 	C:\WINDOWS\system32\mswsock.dll
0x00007ff844f60000 - 0x00007ff84502b000 	C:\WINDOWS\SYSTEM32\DNSAPI.dll
0x00007ff847810000 - 0x00007ff847818000 	C:\WINDOWS\System32\NSI.dll
0x00007ff83cad0000 - 0x00007ff83cada000 	C:\Windows\System32\rasadhlp.dll
0x00007ff83ee00000 - 0x00007ff83ee77000 	C:\WINDOWS\System32\fwpuclnt.dll
0x00007ff845c50000 - 0x00007ff845c76000 	C:\WINDOWS\System32\bcrypt.dll
0x00007ff81c620000 - 0x00007ff81c639000 	C:\Program Files\Java\jdk-14.0.1\bin\net.dll
0x00007ff83c930000 - 0x00007ff83ca20000 	C:\WINDOWS\SYSTEM32\WINHTTP.dll
0x00007ff81be10000 - 0x00007ff81be22000 	C:\Program Files\Java\jdk-14.0.1\bin\nio.dll
0x00007ff835e10000 - 0x00007ff835e20000 	C:\Program Files\Java\jdk-14.0.1\bin\verify.dll
0x00007ff840840000 - 0x00007ff840856000 	C:\WINDOWS\SYSTEM32\dhcpcsvc6.DLL
0x00007ff840820000 - 0x00007ff84083c000 	C:\WINDOWS\SYSTEM32\dhcpcsvc.DLL

dbghelp: loaded successfully - version: 4.0.5 - missing functions: none
symbol engine: initialized successfully - sym options: 0x614 - pdb path: .;C:\Program Files\Java\jdk-14.0.1\bin;C:\WINDOWS\SYSTEM32;C:\WINDOWS\WinSxS\amd64_microsoft.windows.common-controls_6595b64144ccf1df_6.0.18362.815_none_e6c3b941130ffef4;C:\Program Files\Java\jdk-14.0.1\bin\server

VM Arguments:
jvm_args: -agentlib:jdwp=transport=dt_socket,suspend=y,address=localhost:51431 -ea -javaagent:D:\eclipse-dsl-2019-06-R-win32-x86_64\configuration\org.eclipse.osgi\263\0\.cp\lib\javaagent-shaded.jar -Dfile.encoding=UTF-8 
java_command: org.eclipse.jdt.internal.junit.runner.RemoteTestRunner -version 3 -port 51430 -testLoaderClass org.eclipse.jdt.internal.junit5.runner.JUnit5TestLoader -loaderpluginname org.eclipse.jdt.junit5.runtime -test org.alloytools.alloy.diff.ModuleDiffTest:diffSelfEmpty(java.nio.file.Path) -uniqueId [engine:junit-jupiter]/[class:org.alloytools.alloy.diff.ModuleDiffTest]/[test-template:diffSelfEmpty(java.nio.file.Path)]/[test-template-invocation:#1]
java_class_path (initial): D:\workspaces\alloy_diff\alloy-diff\org.alloytools.alloy.diff\target\classes;D:\workspaces\alloy_diff\alloy-diff\org.alloytools.alloy.diff\bin;D:\workspaces\alloy_diff\alloy-diff\org.alloytools.alloy.application\target\classes;D:\workspaces\alloy_diff\alloy-diff\org.alloytools.alloy.application\target\test-classes;D:\workspaces\alloy_diff\alloy-diff\org.alloytools.alloy.application\lib\apple-osx-ui.jar;D:\workspaces\alloy_diff\alloy-diff\org.alloytools.alloy.core\target\classes;D:\workspaces\alloy_diff\alloy-diff\org.alloytools.alloy.core\target\test-classes;D:\workspaces\alloy_diff\alloy-diff\org.alloytools.alloy.core\target\org.alloytools.alloy.core.jar;D:\workspaces\alloy_diff\alloy-diff\org.alloytools.kodkod.core\target\classes;D:\workspaces\alloy_diff\alloy-diff\org.alloytools.kodkod.core\target\test-classes;D:\workspaces\alloy_diff\alloy-diff\org.alloytools.kodkod.core\target\org.alloytools.kodkod.core.jar;C:\Users\user\.m2\repository\org\osgi\osgi.enroute.junit.wrapper\4.12.0\osgi.enroute.junit.wrapper-4.12.0.jar;C:\Users\user\.m2\repository\org\osgi\osgi.enroute.hamcrest.wrapper\1.3.0\osgi.enroute.hamcrest.wrapper-1.3.0.jar;C:\Users\user\.m2\repository\org\sat4j\org.sat4j.core\2.3.1\org.sat4j.core-2.3.1.jar;D:\workspaces\alloy_diff\alloy-diff\org.alloytools.kodkod.nativesat\target\classes;D:\workspaces\alloy_diff\alloy-diff\org.alloytools.kodkod.nativesat\target\test-classes;D:\workspaces\alloy_diff\alloy-diff\org.alloytools.kodkod.nativesat\target\org.alloytools.kodkod.nativesat.amd64-linux.jar;D:\workspaces\alloy_diff\alloy-diff\org.alloytools.kodkod.nativesat\target\org.alloytools.kodkod.nativesat.util.jar;D:\workspaces\alloy_diff\alloy-diff\org.alloytools.kodkod.nativesat\target\org.alloytools.kodkod.nativesat.x86-linux.jar;D:\workspaces\alloy_diff\alloy-diff\org.alloytools.kodkod.nativesat\target\org.alloytools.kodkod.nativesat.x86-mac.jar;D:\workspaces\alloy_diff\alloy-diff\org.alloytools.kodkod.nativesat\target\org.alloyto
Launcher Type: SUN_STANDARD

[Global flags]
     intx CICompilerCount                          = 4                                         {product} {ergonomic}
     uint ConcGCThreads                            = 2                                         {product} {ergonomic}
     uint G1ConcRefinementThreads                  = 8                                         {product} {ergonomic}
   size_t G1HeapRegionSize                         = 1048576                                   {product} {ergonomic}
    uintx GCDrainStackTargetSize                   = 64                                        {product} {ergonomic}
   size_t InitialHeapSize                          = 268435456                                 {product} {ergonomic}
   size_t MarkStackSize                            = 4194304                                   {product} {ergonomic}
   size_t MaxHeapSize                              = 4269801472                                {product} {ergonomic}
   size_t MaxNewSize                               = 2561671168                                {product} {ergonomic}
   size_t MinHeapDeltaBytes                        = 1048576                                   {product} {ergonomic}
   size_t MinHeapSize                              = 8388608                                   {product} {ergonomic}
    uintx NonNMethodCodeHeapSize                   = 5839372                                {pd product} {ergonomic}
    uintx NonProfiledCodeHeapSize                  = 122909434                              {pd product} {ergonomic}
    uintx ProfiledCodeHeapSize                     = 122909434                              {pd product} {ergonomic}
    uintx ReservedCodeCacheSize                    = 251658240                              {pd product} {ergonomic}
     bool SegmentedCodeCache                       = true                                      {product} {ergonomic}
   size_t SoftMaxHeapSize                          = 4269801472                             {manageable} {ergonomic}
     bool UseCompressedClassPointers               = true                                 {lp64_product} {ergonomic}
     bool UseCompressedOops                        = true                                 {lp64_product} {ergonomic}
     bool UseG1GC                                  = true                                      {product} {ergonomic}
     bool UseLargePagesIndividualAllocation        = false                                  {pd product} {ergonomic}

Logging:
Log output configuration:
 #0: stdout all=warning uptime,level,tags
 #1: stderr all=off uptime,level,tags

Environment Variables:
JAVA_HOME=C:\Program Files\Java\openjdk-11\jdk1.8.0_51
PATH=C:/Program Files/Java/openjdk-11/bin/server;C:/Program Files/Java/openjdk-11/bin;C:\Program Files\Java\openjdk-11\bin;C:\Program Files\NVIDIA GPU Computing Toolkit\CUDA\v10.0\bin;C:\Program Files\NVIDIA GPU Computing Toolkit\CUDA\v10.0\libnvvp;C:\Python27-32Bit\;C:\Python27-32Bit\Scripts;C:\Program Files (x86)\KOBIL Systems\KOBIL ZKA-Sig-API;C:\Program Files (x86)\Business Objects\Common\3.5\bin\NOTES\;C:\Program Files (x86)\Business Objects\Common\3.5\bin\NOTES\DATA\;C:\Program Files\Dell\DW WLAN Card;C:\Program Files\MiKTeX 2.9\miktex\bin\x64\;C:\WINDOWS\system32;C:\WINDOWS;C:\WINDOWS\System32\Wbem;C:\WINDOWS\System32\WindowsPowerShell\v1.0\;C:\Program Files\LLVM\bin;C:\Program Files\SlikSvn\bin;C:\Strawberry\c\bin;C:\Strawberry\perl\site\bin;C:\Strawberry\perl\bin;C:\Program Files\Git\cmd;C:\Program Files\leJOS EV3\bin;C:\Program Files (x86)\IVI Foundation\VISA\WinNT\Bin;C:\WINDOWS\System32\OpenSSH\;C:\Program Files\MATLAB\R2018b\bin;C:\Program Files (x86)\NVIDIA Corporation\PhysX\Common;C:\Program Files\NVIDIA Corporation\NVIDIA NvDLISR;C:\WINDOWS\system32;C:\WINDOWS;C:\WINDOWS\System32\Wbem;C:\WINDOWS\System32\WindowsPowerShell\v1.0\;C:\Users\user\AppData\Roaming\MiKTeX\2.9\miktex\bin\x64\;C:\Program Files\R\R-3.2.5\bin\x64;C:\Users\user\AppData\Local\Microsoft\WindowsApps;D:\Tools\mona;D:\Tools\NuSMV-2.6.0-win64\bin;C:\Users\user\AppData\Local\atom\bin;D:\Tools\apache-ant-1.10.3\bin;D:\Tools\ffmpeg-4.0-win64-static\bin;C:\Program Files (x86)\GnuWin32\bin;D:\Tools\hugo;C:\Users\user\AppData\Local\Pandoc\;C:\Program Files\draw.io\;;D:\eclipse-dsl-2019-06-R-win32-x86_64;
USERNAME=ringert
OS=Windows_NT
PROCESSOR_IDENTIFIER=Intel64 Family 6 Model 60 Stepping 3, GenuineIntel



---------------  S Y S T E M  ---------------

OS: Windows 10 , 64 bit Build 18362 (10.0.18362.778)
OS uptime: 0 days 17:37 hours

CPU:total 8 (initial active 8) (4 cores per cpu, 2 threads per core) family 6 model 60 stepping 3, cmov, cx8, fxsr, mmx, sse, sse2, sse3, ssse3, sse4.1, sse4.2, popcnt, avx, avx2, aes, clmul, erms, lzcnt, ht, tsc, tscinvbit, bmi1, bmi2, fma

Memory: 4k page, system-wide physical 16287M (9353M free)
TotalPageFile size 18719M (AvailPageFile size 10363M)
current process WorkingSet (physical memory assigned to process): 98M, peak: 136M
current process commit charge ("private bytes"): 363M, peak: 400M

vm_info: Java HotSpot(TM) 64-Bit Server VM (14.0.1+7) for windows-amd64 JRE (14.0.1+7), built on Mar  5 2020 10:30:14 by "mach5one" with MS VC++ 15.9 (VS2017)

END.
